<?xml version="1.0" encoding="UTF-8"?>
<!-- Generated by org.testng.reporters.JUnitXMLReporter -->
<testsuite ignored="2" hostname="LAPTOP-HHI9JHKC" failures="0" tests="6" name="Aarogya Aarohan App" time="0.216" errors="0" timestamp="2026-01-19T18:09:35 IST">
  <testcase classname="com.aarogya.base.BaseTest" name="@BeforeSuite setup" time="0.558">
    <failure type="org.openqa.selenium.SessionNotCreatedException" message="Could not start a new session. Possible causes are invalid address of the remote server or browser start-up failure. 
Host info: host: &amp;apos;LAPTOP-HHI9JHKC&amp;apos;, ip: &amp;apos;192.168.1.6&amp;apos;">
      <![CDATA[org.openqa.selenium.SessionNotCreatedException: Could not start a new session. Possible causes are invalid address of the remote server or browser start-up failure. 
Host info: host: 'LAPTOP-HHI9JHKC', ip: '192.168.1.6'
at org.openqa.selenium.remote.RemoteWebDriver.execute(RemoteWebDriver.java:536)
at io.appium.java_client.AppiumDriver.startSession(AppiumDriver.java:274)
at org.openqa.selenium.remote.RemoteWebDriver.<init>(RemoteWebDriver.java:159)
at io.appium.java_client.AppiumDriver.<init>(AppiumDriver.java:89)
at io.appium.java_client.AppiumDriver.<init>(AppiumDriver.java:101)
at io.appium.java_client.android.AndroidDriver.<init>(AndroidDriver.java:113)
at com.aarogya.base.DriverManager.getDriver(DriverManager.java:57)
at com.aarogya.base.BaseTest.setup(BaseTest.java:10)
Caused by: org.openqa.selenium.WebDriverException: Connection refused: getsockopt
Build info: version: '4.11.0', revision: '040bc5406b'
System info: os.name: 'Windows 11', os.arch: 'amd64', os.version: '10.0', java.version: '21.0.6'
Driver info: driver.version: AndroidDriver
at io.appium.java_client.remote.AppiumCommandExecutor.lambda$execute$4(AppiumCommandExecutor.java:262)
at java.base/java.util.Optional.orElseGet(Optional.java:364)
at io.appium.java_client.remote.AppiumCommandExecutor.execute(AppiumCommandExecutor.java:261)
at org.openqa.selenium.remote.RemoteWebDriver.execute(RemoteWebDriver.java:518)
... 24 more
Caused by: java.net.ConnectException: Connection refused: getsockopt
at java.base/sun.nio.ch.Net.pollConnect(Native Method)
at java.base/sun.nio.ch.Net.pollConnectNow(Net.java:682)
at java.base/sun.nio.ch.SocketChannelImpl.finishConnect(SocketChannelImpl.java:973)
at io.netty.channel.socket.nio.NioSocketChannel.doFinishConnect(NioSocketChannel.java:337)
at io.netty.channel.nio.AbstractNioChannel$AbstractNioUnsafe.finishConnect(AbstractNioChannel.java:334)
at io.netty.channel.nio.NioEventLoop.processSelectedKey(NioEventLoop.java:776)
at io.netty.channel.nio.NioEventLoop.processSelectedKeysOptimized(NioEventLoop.java:724)
at io.netty.channel.nio.NioEventLoop.processSelectedKeys(NioEventLoop.java:650)
at io.netty.channel.nio.NioEventLoop.run(NioEventLoop.java:562)
at io.netty.util.concurrent.SingleThreadEventExecutor$4.run(SingleThreadEventExecutor.java:997)
at io.netty.util.internal.ThreadExecutorMap$2.run(ThreadExecutorMap.java:74)
at io.netty.util.concurrent.FastThreadLocalRunnable.run(FastThreadLocalRunnable.java:30)
at java.base/java.lang.Thread.run(Thread.java:1583)
... Removed 17 stack frames]]>
    </failure>
  </testcase> <!-- @BeforeSuite setup -->
  <testcase classname="com.aarogya.testcases.WebSpecialistTestCase" name="logInSiteCoordinator" time="0.0">
    <skipped/>
  </testcase> <!-- logInSiteCoordinator -->
  <testcase classname="com.aarogya.testcases.WebSpecialistTestCase" name="verifySpecialistSubmitCaseForSecondOpinon" time="0.0">
    <skipped/>
  </testcase> <!-- verifySpecialistSubmitCaseForSecondOpinon -->
  <testcase classname="com.aarogya.testcases.WebSpecialistTestCase" name="logoutSiteCoordinator" time="0.0">
    <skipped/>
  </testcase> <!-- logoutSiteCoordinator -->
  <testcase classname="com.aarogya.testcases.WebSuperSpecialistTestCase" name="logInSiteCoordinator" time="0.0">
    <skipped/>
  </testcase> <!-- logInSiteCoordinator -->
  <testcase classname="com.aarogya.testcases.WebSuperSpecialistTestCase" name="verifySuperSpecialistSubmitCase" time="0.0">
    <skipped/>
  </testcase> <!-- verifySuperSpecialistSubmitCase -->
  <testcase classname="com.aarogya.testcases.WebSuperSpecialistTestCase" name="logoutSiteCoordinator" time="0.001">
    <skipped/>
  </testcase> <!-- logoutSiteCoordinator -->
  <testcase classname="com.aarogya.base.BaseTest" name="@BeforeSuite setup" time="0.0">
    <ignored/>
  </testcase> <!-- @BeforeSuite setup -->
  <testcase classname="com.aarogya.base.BaseTest" name="@AfterSuite tearDown" time="0.0">
    <ignored/>
  </testcase> <!-- @AfterSuite tearDown -->
</testsuite> <!-- Aarogya Aarohan App -->
