<?xml version="1.0" encoding="UTF-8"?>
<!-- Generated by org.testng.reporters.JUnitXMLReporter -->
<testsuite ignored="3" hostname="Triveouss-MacBook-Air.local" failures="0" tests="4" name="Aarogya Aarohan Mobile And Web App" time="333.108" errors="0" timestamp="2026-06-15T19:19:44 IST">
  <testcase classname="com.aarogya.testcases.HomeTestCase" name="selectCityTest" time="9.159"/>
  <testcase classname="com.aarogya.testcases.LoginTestCase" name="loginTest" time="132.237"/>
  <testcase classname="com.aarogya.testcases.AddNewCaseTestCase" name="AddingNewase" time="142.818"/>
  <testcase classname="com.aarogya.testcases.LogOutTestCase" name="logOutTest" time="43.743"/>
  <testcase classname="com.aarogya.base.BaseTest" name="@AfterSuite tearDown" time="0.0">
    <ignored/>
  </testcase> <!-- @AfterSuite tearDown -->
  <testcase classname="com.aarogya.base.BaseTest" name="@AfterSuite tearDown" time="0.0">
    <ignored/>
  </testcase> <!-- @AfterSuite tearDown -->
  <testcase classname="com.aarogya.base.BaseTest" name="@AfterSuite tearDown" time="0.0">
    <ignored/>
  </testcase> <!-- @AfterSuite tearDown -->
</testsuite> <!-- Aarogya Aarohan Mobile And Web App -->
