<?xml version="1.0" encoding="UTF-8"?>
<!-- Generated by org.testng.reporters.JUnitXMLReporter -->
<testsuite ignored="0" hostname="LAPTOP-HHI9JHKC" failures="0" tests="6" name="Aarogya Aarohan Mobile And Web App" time="33.768" errors="0" timestamp="2026-01-19T18:27:05 IST">
  <testcase classname="com.aarogya.testcases.WebSpecialistTestCase" name="logInSpecialist" time="12.229"/>
  <testcase classname="com.aarogya.testcases.WebSpecialistTestCase" name="verifySpecialistSubmitCaseForSecondOpinon" time="5.03"/>
  <testcase classname="com.aarogya.testcases.WebSpecialistTestCase" name="logoutSpecialist" time="2.483"/>
  <testcase classname="com.aarogya.testcases.WebSuperSpecialistTestCase" name="logInSuperSpecialist" time="7.078"/>
  <testcase classname="com.aarogya.testcases.WebSuperSpecialistTestCase" name="verifySuperSpecialistSubmitCase" time="4.345"/>
  <testcase classname="com.aarogya.testcases.WebSuperSpecialistTestCase" name="logoutSuperSpecialist" time="2.362"/>
</testsuite> <!-- Aarogya Aarohan Mobile And Web App -->
