<?xml version="1.0" encoding="UTF-8"?>
<!-- Generated by org.testng.reporters.JUnitXMLReporter -->
<testsuite ignored="10" hostname="LAPTOP-HHI9JHKC" failures="0" tests="7" name="Test" time="207.975" errors="0" timestamp="2026-01-14T15:09:31 IST">
  <testcase classname="com.aarogya.testcases.HomeTestCase" name="selectCityTest" time="5.94"/>
  <testcase classname="com.aarogya.testcases.LoginTestCase" name="loginTest" time="57.284"/>
  <testcase classname="com.aarogya.testcases.AddTestCase" name="addingTestCase" time="100.305"/>
  <testcase classname="com.aarogya.testcases.WebLoginSample" name="verifyWebLogin" time="5.909"/>
  <testcase classname="com.aarogya.testcases.WebSiteCoOrdinatorTest" name="verifyLatestCaseFromMobileOnWeb" time="6.548"/>
  <testcase classname="com.aarogya.testcases.WebLogOutTest" name="verifyWebLogout" time="1.021"/>
  <testcase classname="com.aarogya.testcases.LogOutTestCase" name="logOutTest" time="30.635"/>
  <testcase classname="com.aarogya.base.BaseTest" name="@BeforeSuite setup" time="0.0">
    <ignored/>
  </testcase> <!-- @BeforeSuite setup -->
  <testcase classname="com.aarogya.base.BaseTest" name="@AfterSuite tearDown" time="0.0">
    <ignored/>
  </testcase> <!-- @AfterSuite tearDown -->
  <testcase classname="com.aarogya.base.BaseTest" name="@AfterSuite tearDown" time="0.0">
    <ignored/>
  </testcase> <!-- @AfterSuite tearDown -->
  <testcase classname="com.aarogya.base.BaseTest" name="@BeforeSuite setup" time="0.0">
    <ignored/>
  </testcase> <!-- @BeforeSuite setup -->
  <testcase classname="com.aarogya.base.BaseTest" name="@AfterSuite tearDown" time="0.0">
    <ignored/>
  </testcase> <!-- @AfterSuite tearDown -->
  <testcase classname="com.aarogya.base.BaseTest" name="@BeforeSuite setup" time="0.0">
    <ignored/>
  </testcase> <!-- @BeforeSuite setup -->
  <testcase classname="com.aarogya.base.BaseTest" name="@AfterSuite tearDown" time="0.0">
    <ignored/>
  </testcase> <!-- @AfterSuite tearDown -->
  <testcase classname="com.aarogya.base.BaseTest" name="@BeforeSuite setup" time="0.0">
    <ignored/>
  </testcase> <!-- @BeforeSuite setup -->
  <testcase classname="com.aarogya.base.BaseTest" name="@BeforeSuite setup" time="0.0">
    <ignored/>
  </testcase> <!-- @BeforeSuite setup -->
  <testcase classname="com.aarogya.base.BaseTest" name="@AfterSuite tearDown" time="0.0">
    <ignored/>
  </testcase> <!-- @AfterSuite tearDown -->
</testsuite> <!-- Test -->
