<?xml version="1.0" encoding="UTF-8"?>
<!-- Generated by org.testng.reporters.JUnitXMLReporter -->
<testsuite ignored="0" hostname="LAPTOP-HHI9JHKC" failures="1" tests="2" name="Test" time="26.758" errors="0" timestamp="2026-01-16T18:04:40 IST">
  <testcase classname="com.aarogya.testcases.WebSiteCoOrdinatorTest" name="verifyLatestCaseFromMobileOnWeb" time="20.47">
    <failure type="java.lang.AssertionError" message="First name mismatch between Mobile &amp;amp; Web expected [null] but found [test]">
      <![CDATA[java.lang.AssertionError: First name mismatch between Mobile & Web expected [null] but found [test]
at com.aarogya.testcases.WebSiteCoOrdinatorTest.verifyLatestCaseFromMobileOnWeb(WebSiteCoOrdinatorTest.java:36)
at java.base/java.util.ArrayList.forEach(ArrayList.java:1596)
... Removed 30 stack frames]]>
    </failure>
  </testcase> <!-- verifyLatestCaseFromMobileOnWeb -->
  <testcase classname="com.aarogya.testcases.WebSiteCoOrdinatorTest" name="logoutSiteCoordinator" time="5.978"/>
</testsuite> <!-- Test -->
