<?xml version="1.0" encoding="UTF-8"?>
<!-- Generated by org.testng.reporters.JUnitReportReporter -->
<testsuite hostname="Triveouss-MacBook-Air.local" failures="0" tests="3" name="com.aarogya.testcases.Phase2AddDraftTestCase" time="305.558" errors="0" timestamp="2026-06-15T15:57:52 IST" skipped="0">
  <testcase classname="com.aarogya.testcases.Phase2AddDraftTestCase" name="addDraftCase" time="57.805"/>
  <testcase classname="com.aarogya.testcases.Phase2AddDraftTestCase" name="dltingDraftCase" time="114.567"/>
  <testcase classname="com.aarogya.testcases.Phase2AddDraftTestCase" name="submitDraftAndVerifyName" time="133.186"/>
</testsuite> <!-- com.aarogya.testcases.Phase2AddDraftTestCase -->
