<?xml version="1.0" encoding="UTF-8"?>
<!-- Generated by org.testng.reporters.JUnitReportReporter -->
<testsuite hostname="Triveouss-MacBook-Air.local" failures="0" tests="3" name="com.aarogya.testcases.WebDentistTest" time="132.771" errors="0" timestamp="2026-06-09T19:18:36 IST" skipped="0">
  <testcase classname="com.aarogya.testcases.WebDentistTest" name="loginDentist" time="48.549"/>
  <testcase classname="com.aarogya.testcases.WebDentistTest" name="verifyDashboardCountsForAllFiltersAfterSubmit" time="70.932"/>
  <testcase classname="com.aarogya.testcases.WebDentistTest" name="logoutSuperSpecialist" time="13.290"/>
</testsuite> <!-- com.aarogya.testcases.WebDentistTest -->
