<?xml version="1.0" encoding="UTF-8"?>
<!-- Generated by org.testng.reporters.JUnitReportReporter -->
<testsuite hostname="LAPTOP-HHI9JHKC" failures="0" tests="3" name="com.aarogya.testcases.WebSuperSpecialistTestCase" time="21.739" errors="0" timestamp="2026-01-21T17:39:43 IST" skipped="0">
  <testcase classname="com.aarogya.testcases.WebSuperSpecialistTestCase" name="logInSuperSpecialist" time="5.983"/>
  <testcase classname="com.aarogya.testcases.WebSuperSpecialistTestCase" name="verifySuperSpecialistSubmitCaseAndDashboard" time="12.700"/>
  <testcase classname="com.aarogya.testcases.WebSuperSpecialistTestCase" name="logoutSuperSpecialist" time="3.056"/>
</testsuite> <!-- com.aarogya.testcases.WebSuperSpecialistTestCase -->
