<?xml version="1.0" encoding="UTF-8"?>
<!-- Generated by org.testng.reporters.JUnitReportReporter -->
<testsuite hostname="Triveouss-MacBook-Air.local" failures="0" tests="3" name="com.aarogya.testcases.WebTSDTest" time="101.065" errors="0" timestamp="2026-06-12T18:47:24 IST" skipped="0">
  <testcase classname="com.aarogya.testcases.WebTSDTest" name="loginDentist" time="12.014"/>
  <testcase classname="com.aarogya.testcases.WebTSDTest" name="verifyDashboardCountsForAllFiltersAfterSubmit" time="76.219"/>
  <testcase classname="com.aarogya.testcases.WebTSDTest" name="logoutSuperSpecialist" time="12.832"/>
</testsuite> <!-- com.aarogya.testcases.WebTSDTest -->
