<?xml version="1.0" encoding="UTF-8"?>
<!-- Generated by org.testng.reporters.JUnitReportReporter -->
<testsuite hostname="Triveouss-MacBook-Air.local" failures="0" tests="3" name="com.aarogya.testcases.AddDraftCaseTest" time="345.687" errors="0" timestamp="2026-06-15T15:33:06 IST" skipped="0">
  <testcase classname="com.aarogya.testcases.AddDraftCaseTest" name="addDraftCase" time="81.521"/>
  <testcase classname="com.aarogya.testcases.AddDraftCaseTest" name="dltingDraftCase" time="120.131"/>
  <testcase classname="com.aarogya.testcases.AddDraftCaseTest" name="submitDraftAndVerifyName" time="144.035"/>
</testsuite> <!-- com.aarogya.testcases.AddDraftCaseTest -->
