<?xml version="1.0" encoding="UTF-8"?>
<!-- Generated by org.testng.reporters.JUnitReportReporter -->
<testsuite hostname="LAPTOP-HHI9JHKC" failures="0" tests="5" name="com.aarogya.testcases.WebSpecialistTestCase" time="100.272" errors="0" timestamp="2026-01-21T19:40:27 IST" skipped="0">
  <testcase classname="com.aarogya.testcases.WebSpecialistTestCase" name="logInSpecialist" time="13.945"/>
  <testcase classname="com.aarogya.testcases.WebSpecialistTestCase" name="verifyDashboardFilterCountsForSpecialist" time="11.454"/>
  <testcase classname="com.aarogya.testcases.WebSpecialistTestCase" name="verifySpecialistDiagnosisSubmissionFlow" time="50.017"/>
  <testcase classname="com.aarogya.testcases.WebSpecialistTestCase" name="verifySpecialistSubmitCaseForSecondOpinon" time="21.506"/>
  <testcase classname="com.aarogya.testcases.WebSpecialistTestCase" name="logoutSpecialist" time="3.350"/>
</testsuite> <!-- com.aarogya.testcases.WebSpecialistTestCase -->
