<?xml version="1.0" encoding="UTF-8"?>
<!-- Generated by org.testng.reporters.JUnitReportReporter -->
<testsuite hostname="Triveouss-MacBook-Air.local" failures="0" tests="1" name="com.aarogya.testcases.Phase2RegisteredCaseFromDaashboardTest" time="114.513" errors="0" timestamp="2026-06-15T14:56:25 IST" skipped="0">
  <testcase classname="com.aarogya.testcases.Phase2RegisteredCaseFromDaashboardTest" name="verifyDashboardCountUpdatesAfterRegisteringCase" time="114.513"/>
</testsuite> <!-- com.aarogya.testcases.Phase2RegisteredCaseFromDaashboardTest -->
