<?xml version="1.0" encoding="UTF-8"?>
<!-- Generated by org.testng.reporters.JUnitReportReporter -->
<testsuite hostname="LAPTOP-HHI9JHKC" failures="0" tests="3" name="com.aarogya.testcases.WebSpecialistTestCase" time="19.742" errors="0" timestamp="2026-01-19T18:27:05 IST" skipped="0">
  <testcase classname="com.aarogya.testcases.WebSpecialistTestCase" name="logInSpecialist" time="12.229"/>
  <testcase classname="com.aarogya.testcases.WebSpecialistTestCase" name="verifySpecialistSubmitCaseForSecondOpinon" time="5.030"/>
  <testcase classname="com.aarogya.testcases.WebSpecialistTestCase" name="logoutSpecialist" time="2.483"/>
</testsuite> <!-- com.aarogya.testcases.WebSpecialistTestCase -->
