<?xml version="1.0" encoding="UTF-8"?>
<!-- Generated by org.testng.reporters.JUnitReportReporter -->
<testsuite hostname="LAPTOP-HHI9JHKC" failures="0" tests="3" name="com.aarogya.testcases.WebSuperSpecialistTestCase" time="13.785" errors="0" timestamp="2026-01-19T18:27:05 IST" skipped="0">
  <testcase classname="com.aarogya.testcases.WebSuperSpecialistTestCase" name="logInSuperSpecialist" time="7.078"/>
  <testcase classname="com.aarogya.testcases.WebSuperSpecialistTestCase" name="verifySuperSpecialistSubmitCase" time="4.345"/>
  <testcase classname="com.aarogya.testcases.WebSuperSpecialistTestCase" name="logoutSuperSpecialist" time="2.362"/>
</testsuite> <!-- com.aarogya.testcases.WebSuperSpecialistTestCase -->
